<?xml version="1.0" encoding="UTF-8"?>
<testng-results ignored="0" total="2" passed="2" failed="0" skipped="0">
  <reporter-output>
  </reporter-output>
  <suite started-at="2022-03-11T19:31:11 IST" name="HRM Test Suite" finished-at="2022-03-11T19:31:20 IST" duration-ms="9204">
    <groups>
    </groups>
    <test started-at="2022-03-11T19:31:11 IST" name="Pending Leave Request Test case" finished-at="2022-03-11T19:31:16 IST" duration-ms="5365">
      <class name="testCases.Test_Pending_Leave_Request">
        <test-method signature="verifyPendingLeaveRequests()[pri:0, instance:testCases.Test_Pending_Leave_Request@2a4fb17b]" started-at="2022-03-11T19:31:11 IST" name="verifyPendingLeaveRequests" finished-at="2022-03-11T19:31:16 IST" duration-ms="5318" status="PASS">
          <reporter-output>
          </reporter-output>
        </test-method> <!-- verifyPendingLeaveRequests -->
      </class> <!-- testCases.Test_Pending_Leave_Request -->
    </test> <!-- Pending Leave Request Test case -->
    <test started-at="2022-03-11T19:31:16 IST" name="Check User Role test case" finished-at="2022-03-11T19:31:20 IST" duration-ms="3808">
      <class name="testCases.Test_User_Role">
        <test-method is-config="true" signature="launchBrowser()[pri:0, instance:testCases.Test_User_Role@22555ebf]" started-at="2022-03-11T19:30:54 IST" name="launchBrowser" finished-at="2022-03-11T19:31:11 IST" duration-ms="16787" status="PASS">
          <reporter-output>
          </reporter-output>
        </test-method> <!-- launchBrowser -->
        <test-method signature="checkUserRole()[pri:0, instance:testCases.Test_User_Role@22555ebf]" started-at="2022-03-11T19:31:16 IST" name="checkUserRole" finished-at="2022-03-11T19:31:20 IST" duration-ms="3803" status="PASS">
          <reporter-output>
          </reporter-output>
        </test-method> <!-- checkUserRole -->
        <test-method is-config="true" signature="tearDown()[pri:0, instance:testCases.Test_User_Role@22555ebf]" started-at="2022-03-11T19:31:20 IST" name="tearDown" finished-at="2022-03-11T19:31:22 IST" duration-ms="1899" status="PASS">
          <reporter-output>
          </reporter-output>
        </test-method> <!-- tearDown -->
      </class> <!-- testCases.Test_User_Role -->
    </test> <!-- Check User Role test case -->
  </suite> <!-- HRM Test Suite -->
</testng-results>
